1. import 工程
http://jingyan.baidu.com/article/a17d52852118ac8098c8f2c1.html

2. gradle build 
下载依赖库

3. 修改gradle脚本将库拷贝至工程目录
task copyDeps(type: Copy) { from configurations.runtime into 'build/lib'}

4. 手动引入lib库依赖
file-->project structure->libs-> "+"->选择 build目录下面的lib

5. 重新构建，忽略单元测试。
gradle build -x test

Exception in thread "main" org.springframework.beans.factory.BeanCreationException: Error creating bean with name 'entityManagerFactory' defined in class path resource [org/springframework/boot/autoconfigure/orm/jpa/HibernateJpaAutoConfiguration.class]: Instantiation of bean failed; nested exception is org.springframework.beans.factory.BeanDefinitionStoreException: Factory method [public org.springframework.orm.jpa.LocalContainerEntityManagerFactoryBean org.springframework.boot.autoconfigure.orm.jpa.JpaBaseConfiguration.entityManagerFactory(org.springframework.orm.jpa.JpaVendorAdapter)] threw exception; nested exception is org.springframework.beans.factory.NoSuchBeanDefinitionException: No qualifying bean of type [javax.sql.DataSource] is defined


JpaBaseConfiguration.entityManagerFactory(org.springframework.orm.jpa.JpaVendorAdapter)] threw exception; nested exception is org.springframework.beans.factory.NoSuchBeanDefinitionException: No qualifying bean of type [javax.sql.DataSource] is defined


Error creating bean with name 'entityManagerFactory' defined in class path resource [org/springframework/boot/autoconfigure/orm/jpa/HibernateJpaAutoConfiguration.class]: Invocation of init method failed; nested exception is java.lang.NoClassDefFoundError: javassist/bytecode/ClassFile


org.springframework.beans.factory.BeanCreationException: Error creating bean with name 'entityManagerFactory' defined in class path resource [org/springframework/boot/autoconfigure/orm/jpa/HibernateJpaAutoConfiguration.class]: Invocation of init method failed; nested exception is java.lang.NoClassDefFoundError: javassist/bytecode/ClassFile


-- eclipse
1. import ->maven->exist maven project ->
编译出错：
ArtifactTransferException: Failure to transfer org.javassist:javassist:jar:3.18.1-GA from http://repo.maven.apache.org/maven2 was cached in the local repository, resolution will not be reattempted until the update interval of central has elapsed or updates are forced. Original error: Could not transfer artifact org.javassist:javassist:jar:3.18.1-GA from/to central (http://repo.maven.apache.org/maven2): The operation was cancelled.	pom.xml	/spring-boot-actuator-example	line 1	Maven Dependency Problem
解决方法：
直接删除本地对应的cache库，然后重新update Dependency.


