2016-04-14 15:41:38.239  INFO 3006 --- [restartedMain] net.javabeat.spring.data.Application     : Starting Application on xionghaitaodeMacBook-Pro.local with PID 3006 (/Users/xionghaitao/my_git_rep/script/java/spring-bdata-jpa-mysql/target/classes started by xionghaitao in /Users/xionghaitao/my_git_rep/script/java/spring-bdata-jpa-mysql)
2016-04-14 15:41:38.239  INFO 3006 --- [restartedMain] net.javabeat.spring.data.Application     : No active profile set, falling back to default profiles: default
2016-04-14 15:41:38.241  INFO 3006 --- [restartedMain] ationConfigEmbeddedWebApplicationContext : Refreshing org.springframework.boot.context.embedded.AnnotationConfigEmbeddedWebApplicationContext@383aa66d: startup date [Thu Apr 14 15:41:38 CST 2016]; root of context hierarchy
2016-04-14 15:41:38.769  INFO 3006 --- [restartedMain] o.s.b.f.s.DefaultListableBeanFactory     : Overriding bean definition for bean 'beanNameViewResolver' with a different definition: replacing [Root bean: class [null]; scope=; abstract=false; lazyInit=false; autowireMode=3; dependencyCheck=0; autowireCandidate=true; primary=false; factoryBeanName=org.springframework.boot.autoconfigure.web.ErrorMvcAutoConfiguration$WhitelabelErrorViewConfiguration; factoryMethodName=beanNameViewResolver; initMethodName=null; destroyMethodName=(inferred); defined in class path resource [org/springframework/boot/autoconfigure/web/ErrorMvcAutoConfiguration$WhitelabelErrorViewConfiguration.class]] with [Root bean: class [null]; scope=; abstract=false; lazyInit=false; autowireMode=3; dependencyCheck=0; autowireCandidate=true; primary=false; factoryBeanName=org.springframework.boot.autoconfigure.web.WebMvcAutoConfiguration$WebMvcAutoConfigurationAdapter; factoryMethodName=beanNameViewResolver; initMethodName=null; destroyMethodName=(inferred); defined in class path resource [org/springframework/boot/autoconfigure/web/WebMvcAutoConfiguration$WebMvcAutoConfigurationAdapter.class]]
2016-04-14 15:41:38.850  INFO 3006 --- [restartedMain] trationDelegate$BeanPostProcessorChecker : Bean 'org.springframework.transaction.annotation.ProxyTransactionManagementConfiguration' of type [class org.springframework.transaction.annotation.ProxyTransactionManagementConfiguration$$EnhancerBySpringCGLIB$$2a1d8a7f] is not eligible for getting processed by all BeanPostProcessors (for example: not eligible for auto-proxying)
2016-04-14 15:41:38.853  INFO 3006 --- [restartedMain] trationDelegate$BeanPostProcessorChecker : Bean 'org.springframework.cache.annotation.ProxyCachingConfiguration' of type [class org.springframework.cache.annotation.ProxyCachingConfiguration$$EnhancerBySpringCGLIB$$917b54dd] is not eligible for getting processed by all BeanPostProcessors (for example: not eligible for auto-proxying)
2016-04-14 15:41:38.854  INFO 3006 --- [restartedMain] trationDelegate$BeanPostProcessorChecker : Bean 'org.springframework.boot.autoconfigure.cache.CacheAutoConfiguration' of type [class org.springframework.boot.autoconfigure.cache.CacheAutoConfiguration$$EnhancerBySpringCGLIB$$cba35501] is not eligible for getting processed by all BeanPostProcessors (for example: not eligible for auto-proxying)
2016-04-14 15:41:38.867  INFO 3006 --- [restartedMain] trationDelegate$BeanPostProcessorChecker : Bean 'spring.cache.CONFIGURATION_PROPERTIES' of type [class org.springframework.boot.autoconfigure.cache.CacheProperties] is not eligible for getting processed by all BeanPostProcessors (for example: not eligible for auto-proxying)
2016-04-14 15:41:38.870  INFO 3006 --- [restartedMain] trationDelegate$BeanPostProcessorChecker : Bean 'org.springframework.boot.autoconfigure.cache.CacheManagerCustomizers' of type [class org.springframework.boot.autoconfigure.cache.CacheManagerCustomizers] is not eligible for getting processed by all BeanPostProcessors (for example: not eligible for auto-proxying)
2016-04-14 15:41:38.870  INFO 3006 --- [restartedMain] trationDelegate$BeanPostProcessorChecker : Bean 'org.springframework.boot.autoconfigure.cache.EhCacheCacheConfiguration' of type [class org.springframework.boot.autoconfigure.cache.EhCacheCacheConfiguration$$EnhancerBySpringCGLIB$$b8445a3f] is not eligible for getting processed by all BeanPostProcessors (for example: not eligible for auto-proxying)
2016-04-14 15:41:38.886  INFO 3006 --- [restartedMain] trationDelegate$BeanPostProcessorChecker : Bean 'ehCacheCacheManager' of type [class net.sf.ehcache.CacheManager] is not eligible for getting processed by all BeanPostProcessors (for example: not eligible for auto-proxying)
2016-04-14 15:41:38.888  INFO 3006 --- [restartedMain] trationDelegate$BeanPostProcessorChecker : Bean 'cacheManager' of type [class org.springframework.cache.ehcache.EhCacheCacheManager] is not eligible for getting processed by all BeanPostProcessors (for example: not eligible for auto-proxying)
2016-04-14 15:41:38.888  INFO 3006 --- [restartedMain] trationDelegate$BeanPostProcessorChecker : Bean 'cacheAutoConfigurationValidator' of type [class org.springframework.boot.autoconfigure.cache.CacheAutoConfiguration$CacheManagerValidator] is not eligible for getting processed by all BeanPostProcessors (for example: not eligible for auto-proxying)
2016-04-14 15:41:38.917  INFO 3006 --- [restartedMain] s.b.c.e.t.TomcatEmbeddedServletContainer : Tomcat initialized with port(s): 8090 (http)
2016-04-14 15:41:38.918  INFO 3006 --- [restartedMain] o.apache.catalina.core.StandardService   : Starting service Tomcat
2016-04-14 15:41:38.918  INFO 3006 --- [restartedMain] org.apache.catalina.core.StandardEngine  : Starting Servlet Engine: Apache Tomcat/8.0.32
2016-04-14 15:41:38.922  INFO 3006 --- [localhost-startStop-1] o.a.c.c.C.[Tomcat].[localhost].[/]       : Initializing Spring embedded WebApplicationContext
2016-04-14 15:41:39.026  INFO 3006 --- [localhost-startStop-1] o.s.b.c.e.ServletRegistrationBean        : Mapping servlet: 'dispatcherServlet' to [/]
2016-04-14 15:41:39.026  INFO 3006 --- [localhost-startStop-1] o.s.b.c.embedded.FilterRegistrationBean  : Mapping filter: 'metricFilter' to: [/*]
2016-04-14 15:41:39.026  INFO 3006 --- [localhost-startStop-1] o.s.b.c.embedded.FilterRegistrationBean  : Mapping filter: 'characterEncodingFilter' to: [/*]
2016-04-14 15:41:39.026  INFO 3006 --- [localhost-startStop-1] o.s.b.c.embedded.FilterRegistrationBean  : Mapping filter: 'hiddenHttpMethodFilter' to: [/*]
2016-04-14 15:41:39.027  INFO 3006 --- [localhost-startStop-1] o.s.b.c.embedded.FilterRegistrationBean  : Mapping filter: 'httpPutFormContentFilter' to: [/*]
2016-04-14 15:41:39.027  INFO 3006 --- [localhost-startStop-1] o.s.b.c.embedded.FilterRegistrationBean  : Mapping filter: 'requestContextFilter' to: [/*]
2016-04-14 15:41:39.027  INFO 3006 --- [localhost-startStop-1] o.s.b.c.embedded.FilterRegistrationBean  : Mapping filter: 'webRequestLoggingFilter' to: [/*]
2016-04-14 15:41:39.027  INFO 3006 --- [localhost-startStop-1] o.s.b.c.embedded.FilterRegistrationBean  : Mapping filter: 'applicationContextIdFilter' to: [/*]
2016-04-14 15:41:39.135  INFO 3006 --- [restartedMain] o.s.jdbc.datasource.init.ScriptUtils     : Executing SQL script from URL [file:/Users/xionghaitao/my_git_rep/script/java/spring-bdata-jpa-mysql/target/classes/schema-mysql.sql]
2016-04-14 15:41:39.176  INFO 3006 --- [restartedMain] o.s.jdbc.datasource.init.ScriptUtils     : Executed SQL script from URL [file:/Users/xionghaitao/my_git_rep/script/java/spring-bdata-jpa-mysql/target/classes/schema-mysql.sql] in 41 ms.
2016-04-14 15:41:39.177  INFO 3006 --- [restartedMain] o.s.jdbc.datasource.init.ScriptUtils     : Executing SQL script from URL [file:/Users/xionghaitao/my_git_rep/script/java/spring-bdata-jpa-mysql/target/classes/data-mysql.sql]
2016-04-14 15:41:39.183  INFO 3006 --- [restartedMain] o.s.jdbc.datasource.init.ScriptUtils     : Executed SQL script from URL [file:/Users/xionghaitao/my_git_rep/script/java/spring-bdata-jpa-mysql/target/classes/data-mysql.sql] in 6 ms.
2016-04-14 15:41:39.201  INFO 3006 --- [restartedMain] j.LocalContainerEntityManagerFactoryBean : Building JPA container EntityManagerFactory for persistence unit 'default'
2016-04-14 15:41:39.201  INFO 3006 --- [restartedMain] o.hibernate.jpa.internal.util.LogHelper  : HHH000204: Processing PersistenceUnitInfo [
	name: default
	...]
2016-04-14 15:41:39.206  INFO 3006 --- [restartedMain] org.hibernate.dialect.Dialect            : HHH000400: Using dialect: org.hibernate.dialect.MySQL5Dialect
2016-04-14 15:41:39.210  INFO 3006 --- [restartedMain] o.h.h.i.ast.ASTQueryTranslatorFactory    : HHH000397: Using ASTQueryTranslatorFactory
2016-04-14 15:41:39.210  WARN 3006 --- [restartedMain] org.hibernate.cfg.SettingsFactory        : Unrecognized value for "hibernate.hbm2ddl.auto": .
2016-04-14 15:41:39.523  INFO 3006 --- [restartedMain] o.s.b.a.e.mvc.EndpointHandlerMapping     : Mapped "{[/logfile || /logfile.json],methods=[GET || HEAD]}" onto public void org.springframework.boot.actuate.endpoint.mvc.LogFileMvcEndpoint.invoke(javax.servlet.http.HttpServletRequest,javax.servlet.http.HttpServletResponse) throws javax.servlet.ServletException,java.io.IOException
2016-04-14 15:41:39.523  INFO 3006 --- [restartedMain] o.s.b.a.e.mvc.EndpointHandlerMapping     : Mapped "{[/health || /health.json],produces=[application/json]}" onto public java.lang.Object org.springframework.boot.actuate.endpoint.mvc.HealthMvcEndpoint.invoke(java.security.Principal)
2016-04-14 15:41:39.524  INFO 3006 --- [restartedMain] o.s.b.a.e.mvc.EndpointHandlerMapping     : Mapped "{[/beans || /beans.json],methods=[GET],produces=[application/json]}" onto public java.lang.Object org.springframework.boot.actuate.endpoint.mvc.EndpointMvcAdapter.invoke()
2016-04-14 15:41:39.524  INFO 3006 --- [restartedMain] o.s.b.a.e.mvc.EndpointHandlerMapping     : Mapped "{[/info || /info.json],methods=[GET],produces=[application/json]}" onto public java.lang.Object org.springframework.boot.actuate.endpoint.mvc.EndpointMvcAdapter.invoke()
2016-04-14 15:41:39.524  INFO 3006 --- [restartedMain] o.s.b.a.e.mvc.EndpointHandlerMapping     : Mapped "{[/trace || /trace.json],methods=[GET],produces=[application/json]}" onto public java.lang.Object org.springframework.boot.actuate.endpoint.mvc.EndpointMvcAdapter.invoke()
2016-04-14 15:41:39.525  INFO 3006 --- [restartedMain] o.s.b.a.e.mvc.EndpointHandlerMapping     : Mapped "{[/env/{name:.*}],methods=[GET],produces=[application/json]}" onto public java.lang.Object org.springframework.boot.actuate.endpoint.mvc.EnvironmentMvcEndpoint.value(java.lang.String)
2016-04-14 15:41:39.525  INFO 3006 --- [restartedMain] o.s.b.a.e.mvc.EndpointHandlerMapping     : Mapped "{[/env || /env.json],methods=[GET],produces=[application/json]}" onto public java.lang.Object org.springframework.boot.actuate.endpoint.mvc.EndpointMvcAdapter.invoke()
2016-04-14 15:41:39.525  INFO 3006 --- [restartedMain] o.s.b.a.e.mvc.EndpointHandlerMapping     : Mapped "{[/dump || /dump.json],methods=[GET],produces=[application/json]}" onto public java.lang.Object org.springframework.boot.actuate.endpoint.mvc.EndpointMvcAdapter.invoke()
2016-04-14 15:41:39.525  INFO 3006 --- [restartedMain] o.s.b.a.e.mvc.EndpointHandlerMapping     : Mapped "{[/metrics/{name:.*}],methods=[GET],produces=[application/json]}" onto public java.lang.Object org.springframework.boot.actuate.endpoint.mvc.MetricsMvcEndpoint.value(java.lang.String)
2016-04-14 15:41:39.525  INFO 3006 --- [restartedMain] o.s.b.a.e.mvc.EndpointHandlerMapping     : Mapped "{[/metrics || /metrics.json],methods=[GET],produces=[application/json]}" onto public java.lang.Object org.springframework.boot.actuate.endpoint.mvc.EndpointMvcAdapter.invoke()
2016-04-14 15:41:39.526  INFO 3006 --- [restartedMain] o.s.b.a.e.mvc.EndpointHandlerMapping     : Mapped "{[/autoconfig || /autoconfig.json],methods=[GET],produces=[application/json]}" onto public java.lang.Object org.springframework.boot.actuate.endpoint.mvc.EndpointMvcAdapter.invoke()
2016-04-14 15:41:39.526  INFO 3006 --- [restartedMain] o.s.b.a.e.mvc.EndpointHandlerMapping     : Mapped "{[/mappings || /mappings.json],methods=[GET],produces=[application/json]}" onto public java.lang.Object org.springframework.boot.actuate.endpoint.mvc.EndpointMvcAdapter.invoke()
2016-04-14 15:41:39.526  INFO 3006 --- [restartedMain] o.s.b.a.e.mvc.EndpointHandlerMapping     : Mapped "{[/configprops || /configprops.json],methods=[GET],produces=[application/json]}" onto public java.lang.Object org.springframework.boot.actuate.endpoint.mvc.EndpointMvcAdapter.invoke()
2016-04-14 15:41:39.551  INFO 3006 --- [restartedMain] o.s.b.d.a.OptionalLiveReloadServer       : LiveReload server is running on port 35729
2016-04-14 15:41:39.597  INFO 3006 --- [restartedMain] o.s.j.e.a.AnnotationMBeanExporter        : Registering beans for JMX exposure on startup
2016-04-14 15:41:39.602  INFO 3006 --- [restartedMain] o.s.c.support.DefaultLifecycleProcessor  : Starting beans in phase 0
2016-04-14 15:41:39.623  INFO 3006 --- [restartedMain] s.b.c.e.t.TomcatEmbeddedServletContainer : Tomcat started on port(s): 8090 (http)
2016-04-14 15:41:39.625  INFO 3006 --- [restartedMain] net.javabeat.spring.data.Application     : Started Application in 1.421 seconds (JVM running for 75.12)
2016-04-14 15:48:36.643  INFO 3006 --- [Thread-59] ationConfigEmbeddedWebApplicationContext : Closing org.springframework.boot.context.embedded.AnnotationConfigEmbeddedWebApplicationContext@383aa66d: startup date [Thu Apr 14 15:41:38 CST 2016]; root of context hierarchy
2016-04-14 15:48:36.653  INFO 3006 --- [Thread-59] o.s.c.support.DefaultLifecycleProcessor  : Stopping beans in phase 0
2016-04-14 15:48:36.654  INFO 3006 --- [Thread-59] o.s.j.e.a.AnnotationMBeanExporter        : Unregistering JMX-exposed beans on shutdown
2016-04-14 15:48:36.655  INFO 3006 --- [Thread-59] j.LocalContainerEntityManagerFactoryBean : Closing JPA EntityManagerFactory for persistence unit 'default'
2016-04-14 16:07:45.494  INFO 3562 --- [restartedMain] net.javabeat.spring.data.Application     : Starting Application on xionghaitaodeMacBook-Pro.local with PID 3562 (/Users/xionghaitao/my_git_rep/script/java/spring-bdata-jpa-mysql/target/classes started by xionghaitao in /Users/xionghaitao/my_git_rep/script/java/spring-bdata-jpa-mysql)
2016-04-14 16:07:45.497  INFO 3562 --- [restartedMain] net.javabeat.spring.data.Application     : No active profile set, falling back to default profiles: default
2016-04-14 16:07:45.601  INFO 3562 --- [restartedMain] ationConfigEmbeddedWebApplicationContext : Refreshing org.springframework.boot.context.embedded.AnnotationConfigEmbeddedWebApplicationContext@1fd49105: startup date [Thu Apr 14 16:07:45 CST 2016]; root of context hierarchy
2016-04-14 16:07:47.037 DEBUG 3562 --- [restartedMain] o.s.d.r.c.RepositoryComponentProvider    : Identified candidate component class: file [/Users/xionghaitao/my_git_rep/script/java/spring-bdata-jpa-mysql/target/classes/net/javabeat/spring/data/service/BookNamedQueryRepositoryExample.class]
2016-04-14 16:07:47.038 DEBUG 3562 --- [restartedMain] o.s.d.r.c.RepositoryComponentProvider    : Identified candidate component class: file [/Users/xionghaitao/my_git_rep/script/java/spring-bdata-jpa-mysql/target/classes/net/javabeat/spring/data/service/BookOwnRepository.class]
2016-04-14 16:07:47.039 DEBUG 3562 --- [restartedMain] o.s.d.r.c.RepositoryComponentProvider    : Identified candidate component class: file [/Users/xionghaitao/my_git_rep/script/java/spring-bdata-jpa-mysql/target/classes/net/javabeat/spring/data/service/BookQueryRepositoryExample.class]
2016-04-14 16:07:47.040 DEBUG 3562 --- [restartedMain] o.s.d.r.c.RepositoryComponentProvider    : Identified candidate component class: file [/Users/xionghaitao/my_git_rep/script/java/spring-bdata-jpa-mysql/target/classes/net/javabeat/spring/data/service/BookRepository.class]
2016-04-14 16:07:47.049 DEBUG 3562 --- [restartedMain] .s.d.r.c.RepositoryConfigurationDelegate : Spring Data JPA - Registering repository: bookRepository - Interface: net.javabeat.spring.data.service.BookRepository - Factory: org.springframework.data.jpa.repository.support.JpaRepositoryFactoryBean
2016-04-14 16:07:47.054 DEBUG 3562 --- [restartedMain] .s.d.r.c.RepositoryConfigurationDelegate : Spring Data JPA - Registering repository: bookOwnRepository - Interface: net.javabeat.spring.data.service.BookOwnRepository - Factory: org.springframework.data.jpa.repository.support.JpaRepositoryFactoryBean
2016-04-14 16:07:47.057 DEBUG 3562 --- [restartedMain] .s.d.r.c.RepositoryConfigurationDelegate : Spring Data JPA - Registering repository: bookNamedQueryRepositoryExample - Interface: net.javabeat.spring.data.service.BookNamedQueryRepositoryExample - Factory: org.springframework.data.jpa.repository.support.JpaRepositoryFactoryBean
2016-04-14 16:07:47.059 DEBUG 3562 --- [restartedMain] .s.d.r.c.RepositoryConfigurationDelegate : Spring Data JPA - Registering repository: bookQueryRepositoryExample - Interface: net.javabeat.spring.data.service.BookQueryRepositoryExample - Factory: org.springframework.data.jpa.repository.support.JpaRepositoryFactoryBean
2016-04-14 16:07:47.175  INFO 3562 --- [restartedMain] o.s.b.f.s.DefaultListableBeanFactory     : Overriding bean definition for bean 'beanNameViewResolver' with a different definition: replacing [Root bean: class [null]; scope=; abstract=false; lazyInit=false; autowireMode=3; dependencyCheck=0; autowireCandidate=true; primary=false; factoryBeanName=org.springframework.boot.autoconfigure.web.ErrorMvcAutoConfiguration$WhitelabelErrorViewConfiguration; factoryMethodName=beanNameViewResolver; initMethodName=null; destroyMethodName=(inferred); defined in class path resource [org/springframework/boot/autoconfigure/web/ErrorMvcAutoConfiguration$WhitelabelErrorViewConfiguration.class]] with [Root bean: class [null]; scope=; abstract=false; lazyInit=false; autowireMode=3; dependencyCheck=0; autowireCandidate=true; primary=false; factoryBeanName=org.springframework.boot.autoconfigure.web.WebMvcAutoConfiguration$WebMvcAutoConfigurationAdapter; factoryMethodName=beanNameViewResolver; initMethodName=null; destroyMethodName=(inferred); defined in class path resource [org/springframework/boot/autoconfigure/web/WebMvcAutoConfiguration$WebMvcAutoConfigurationAdapter.class]]
2016-04-14 16:07:47.911  INFO 3562 --- [restartedMain] trationDelegate$BeanPostProcessorChecker : Bean 'org.springframework.transaction.annotation.ProxyTransactionManagementConfiguration' of type [class org.springframework.transaction.annotation.ProxyTransactionManagementConfiguration$$EnhancerBySpringCGLIB$$33514be6] is not eligible for getting processed by all BeanPostProcessors (for example: not eligible for auto-proxying)
2016-04-14 16:07:47.963  INFO 3562 --- [restartedMain] trationDelegate$BeanPostProcessorChecker : Bean 'org.springframework.cache.annotation.ProxyCachingConfiguration' of type [class org.springframework.cache.annotation.ProxyCachingConfiguration$$EnhancerBySpringCGLIB$$9aaf1644] is not eligible for getting processed by all BeanPostProcessors (for example: not eligible for auto-proxying)
2016-04-14 16:07:47.988  INFO 3562 --- [restartedMain] trationDelegate$BeanPostProcessorChecker : Bean 'org.springframework.boot.autoconfigure.cache.CacheAutoConfiguration' of type [class org.springframework.boot.autoconfigure.cache.CacheAutoConfiguration$$EnhancerBySpringCGLIB$$d4d71668] is not eligible for getting processed by all BeanPostProcessors (for example: not eligible for auto-proxying)
2016-04-14 16:07:48.145  INFO 3562 --- [restartedMain] trationDelegate$BeanPostProcessorChecker : Bean 'spring.cache.CONFIGURATION_PROPERTIES' of type [class org.springframework.boot.autoconfigure.cache.CacheProperties] is not eligible for getting processed by all BeanPostProcessors (for example: not eligible for auto-proxying)
2016-04-14 16:07:48.162  INFO 3562 --- [restartedMain] trationDelegate$BeanPostProcessorChecker : Bean 'org.springframework.boot.autoconfigure.cache.CacheManagerCustomizers' of type [class org.springframework.boot.autoconfigure.cache.CacheManagerCustomizers] is not eligible for getting processed by all BeanPostProcessors (for example: not eligible for auto-proxying)
2016-04-14 16:07:48.163  INFO 3562 --- [restartedMain] trationDelegate$BeanPostProcessorChecker : Bean 'org.springframework.boot.autoconfigure.cache.EhCacheCacheConfiguration' of type [class org.springframework.boot.autoconfigure.cache.EhCacheCacheConfiguration$$EnhancerBySpringCGLIB$$c1781ba6] is not eligible for getting processed by all BeanPostProcessors (for example: not eligible for auto-proxying)
2016-04-14 16:07:48.444  INFO 3562 --- [restartedMain] trationDelegate$BeanPostProcessorChecker : Bean 'ehCacheCacheManager' of type [class net.sf.ehcache.CacheManager] is not eligible for getting processed by all BeanPostProcessors (for example: not eligible for auto-proxying)
2016-04-14 16:07:48.453  INFO 3562 --- [restartedMain] trationDelegate$BeanPostProcessorChecker : Bean 'cacheManager' of type [class org.springframework.cache.ehcache.EhCacheCacheManager] is not eligible for getting processed by all BeanPostProcessors (for example: not eligible for auto-proxying)
2016-04-14 16:07:48.454  INFO 3562 --- [restartedMain] trationDelegate$BeanPostProcessorChecker : Bean 'cacheAutoConfigurationValidator' of type [class org.springframework.boot.autoconfigure.cache.CacheAutoConfiguration$CacheManagerValidator] is not eligible for getting processed by all BeanPostProcessors (for example: not eligible for auto-proxying)
2016-04-14 16:07:48.852  INFO 3562 --- [restartedMain] s.b.c.e.t.TomcatEmbeddedServletContainer : Tomcat initialized with port(s): 8090 (http)
2016-04-14 16:07:48.870  INFO 3562 --- [restartedMain] o.apache.catalina.core.StandardService   : Starting service Tomcat
2016-04-14 16:07:48.871  INFO 3562 --- [restartedMain] org.apache.catalina.core.StandardEngine  : Starting Servlet Engine: Apache Tomcat/8.0.32
2016-04-14 16:07:49.060  INFO 3562 --- [localhost-startStop-1] o.a.c.c.C.[Tomcat].[localhost].[/]       : Initializing Spring embedded WebApplicationContext
2016-04-14 16:07:49.060  INFO 3562 --- [localhost-startStop-1] o.s.web.context.ContextLoader            : Root WebApplicationContext: initialization completed in 3465 ms
2016-04-14 16:07:49.464  INFO 3562 --- [localhost-startStop-1] o.s.b.c.e.ServletRegistrationBean        : Mapping servlet: 'dispatcherServlet' to [/]
2016-04-14 16:07:49.469  INFO 3562 --- [localhost-startStop-1] o.s.b.c.embedded.FilterRegistrationBean  : Mapping filter: 'metricFilter' to: [/*]
2016-04-14 16:07:49.469  INFO 3562 --- [localhost-startStop-1] o.s.b.c.embedded.FilterRegistrationBean  : Mapping filter: 'characterEncodingFilter' to: [/*]
2016-04-14 16:07:49.469  INFO 3562 --- [localhost-startStop-1] o.s.b.c.embedded.FilterRegistrationBean  : Mapping filter: 'hiddenHttpMethodFilter' to: [/*]
2016-04-14 16:07:49.469  INFO 3562 --- [localhost-startStop-1] o.s.b.c.embedded.FilterRegistrationBean  : Mapping filter: 'httpPutFormContentFilter' to: [/*]
2016-04-14 16:07:49.470  INFO 3562 --- [localhost-startStop-1] o.s.b.c.embedded.FilterRegistrationBean  : Mapping filter: 'requestContextFilter' to: [/*]
2016-04-14 16:07:49.470  INFO 3562 --- [localhost-startStop-1] o.s.b.c.embedded.FilterRegistrationBean  : Mapping filter: 'webRequestLoggingFilter' to: [/*]
2016-04-14 16:07:49.470  INFO 3562 --- [localhost-startStop-1] o.s.b.c.embedded.FilterRegistrationBean  : Mapping filter: 'applicationContextIdFilter' to: [/*]
2016-04-14 16:07:50.025  INFO 3562 --- [restartedMain] o.s.jdbc.datasource.init.ScriptUtils     : Executing SQL script from URL [file:/Users/xionghaitao/my_git_rep/script/java/spring-bdata-jpa-mysql/target/classes/schema-mysql.sql]
2016-04-14 16:07:50.055  INFO 3562 --- [restartedMain] o.s.jdbc.datasource.init.ScriptUtils     : Executed SQL script from URL [file:/Users/xionghaitao/my_git_rep/script/java/spring-bdata-jpa-mysql/target/classes/schema-mysql.sql] in 30 ms.
2016-04-14 16:07:50.057  INFO 3562 --- [restartedMain] o.s.jdbc.datasource.init.ScriptUtils     : Executing SQL script from URL [file:/Users/xionghaitao/my_git_rep/script/java/spring-bdata-jpa-mysql/target/classes/data-mysql.sql]
2016-04-14 16:07:50.069  INFO 3562 --- [restartedMain] o.s.jdbc.datasource.init.ScriptUtils     : Executed SQL script from URL [file:/Users/xionghaitao/my_git_rep/script/java/spring-bdata-jpa-mysql/target/classes/data-mysql.sql] in 11 ms.
2016-04-14 16:07:50.134  INFO 3562 --- [restartedMain] j.LocalContainerEntityManagerFactoryBean : Building JPA container EntityManagerFactory for persistence unit 'default'
2016-04-14 16:07:50.146  INFO 3562 --- [restartedMain] o.hibernate.jpa.internal.util.LogHelper  : HHH000204: Processing PersistenceUnitInfo [
	name: default
	...]
2016-04-14 16:07:50.243  INFO 3562 --- [restartedMain] org.hibernate.Version                    : HHH000412: Hibernate Core {4.3.11.Final}
2016-04-14 16:07:50.245  INFO 3562 --- [restartedMain] org.hibernate.cfg.Environment            : HHH000206: hibernate.properties not found
2016-04-14 16:07:50.247  INFO 3562 --- [restartedMain] org.hibernate.cfg.Environment            : HHH000021: Bytecode provider name : javassist
2016-04-14 16:07:50.587  INFO 3562 --- [restartedMain] o.hibernate.annotations.common.Version   : HCANN000001: Hibernate Commons Annotations {4.0.5.Final}
2016-04-14 16:07:50.642  INFO 3562 --- [restartedMain] org.hibernate.dialect.Dialect            : HHH000400: Using dialect: org.hibernate.dialect.MySQL5Dialect
2016-04-14 16:07:50.753  INFO 3562 --- [restartedMain] o.h.h.i.ast.ASTQueryTranslatorFactory    : HHH000397: Using ASTQueryTranslatorFactory
2016-04-14 16:07:50.756  WARN 3562 --- [restartedMain] org.hibernate.cfg.SettingsFactory        : Unrecognized value for "hibernate.hbm2ddl.auto": .
2016-04-14 16:07:51.417 DEBUG 3562 --- [restartedMain] o.s.d.j.r.query.JpaQueryFactory          : Looking up query for method findByNameAndAuthor
2016-04-14 16:07:51.422 DEBUG 3562 --- [restartedMain] o.s.d.jpa.repository.query.NamedQuery    : Looking up named query Book.findByNameAndAuthor
2016-04-14 16:07:51.423 DEBUG 3562 --- [restartedMain] o.s.d.jpa.repository.query.NamedQuery    : Did not find named query Book.findByNameAndAuthor
2016-04-14 16:07:51.451 DEBUG 3562 --- [restartedMain] o.s.d.j.r.query.JpaQueryFactory          : Looking up query for method findByName
2016-04-14 16:07:51.492 DEBUG 3562 --- [restartedMain] o.s.d.j.r.query.JpaQueryFactory          : Looking up query for method findByName
2016-04-14 16:07:51.516 DEBUG 3562 --- [restartedMain] o.s.d.j.r.query.JpaQueryFactory          : Looking up query for method findByPriceRange
2016-04-14 16:07:51.524 DEBUG 3562 --- [restartedMain] o.s.d.j.r.query.JpaQueryFactory          : Looking up query for method findByNamedParam
2016-04-14 16:07:51.534 DEBUG 3562 --- [restartedMain] o.s.d.j.r.query.JpaQueryFactory          : Looking up query for method findByNameMatch
2016-04-14 16:07:51.551 DEBUG 3562 --- [restartedMain] o.s.d.j.r.query.JpaQueryFactory          : Looking up query for method findByPrice
2016-04-14 16:07:51.552 DEBUG 3562 --- [restartedMain] o.s.d.jpa.repository.query.NamedQuery    : Looking up named query Book.findByPrice
2016-04-14 16:07:51.553 DEBUG 3562 --- [restartedMain] o.s.d.jpa.repository.query.NamedQuery    : Did not find named query Book.findByPrice.count
2016-04-14 16:07:51.554 DEBUG 3562 --- [restartedMain] o.s.d.jpa.repository.query.NamedQuery    : Found named query Book.findByPrice!
2016-04-14 16:07:51.810  INFO 3562 --- [restartedMain] s.w.s.m.m.a.RequestMappingHandlerAdapter : Looking for @ControllerAdvice: org.springframework.boot.context.embedded.AnnotationConfigEmbeddedWebApplicationContext@1fd49105: startup date [Thu Apr 14 16:07:45 CST 2016]; root of context hierarchy
2016-04-14 16:07:51.918  INFO 3562 --- [restartedMain] s.w.s.m.m.a.RequestMappingHandlerMapping : Mapped "{[/books/insert/test]}" onto public java.lang.String net.javabeat.spring.data.web.BooksController.insert()
2016-04-14 16:07:51.919  INFO 3562 --- [restartedMain] s.w.s.m.m.a.RequestMappingHandlerMapping : Mapped "{[/books/batchInsert/test]}" onto public java.lang.String net.javabeat.spring.data.web.BooksController.batchInsert()
2016-04-14 16:07:51.920  INFO 3562 --- [restartedMain] s.w.s.m.m.a.RequestMappingHandlerMapping : Mapped "{[/books/add/{id}/{name}/{author}/{price}]}" onto public net.javabeat.spring.data.domain.Book net.javabeat.spring.data.web.BooksController.addBook(int,java.lang.String,java.lang.String,long)
2016-04-14 16:07:51.920  INFO 3562 --- [restartedMain] s.w.s.m.m.a.RequestMappingHandlerMapping : Mapped "{[/books/delete/{id}]}" onto public void net.javabeat.spring.data.web.BooksController.deleteBook(int)
2016-04-14 16:07:51.920  INFO 3562 --- [restartedMain] s.w.s.m.m.a.RequestMappingHandlerMapping : Mapped "{[/books/]}" onto public java.util.List<net.javabeat.spring.data.domain.Book> net.javabeat.spring.data.web.BooksController.getBooks()
2016-04-14 16:07:51.921  INFO 3562 --- [restartedMain] s.w.s.m.m.a.RequestMappingHandlerMapping : Mapped "{[/books/{id}]}" onto public net.javabeat.spring.data.domain.Book net.javabeat.spring.data.web.BooksController.getBook(int)
2016-04-14 16:07:51.921  INFO 3562 --- [restartedMain] s.w.s.m.m.a.RequestMappingHandlerMapping : Mapped "{[/books/search/name/{name}]}" onto public java.util.List<net.javabeat.spring.data.domain.Book> net.javabeat.spring.data.web.BooksController.getBookByName(java.lang.String)
2016-04-14 16:07:51.921  INFO 3562 --- [restartedMain] s.w.s.m.m.a.RequestMappingHandlerMapping : Mapped "{[/books/search/name/match/{name}]}" onto public java.util.List<net.javabeat.spring.data.domain.Book> net.javabeat.spring.data.web.BooksController.getBookByNameMatch(java.lang.String)
2016-04-14 16:07:51.921  INFO 3562 --- [restartedMain] s.w.s.m.m.a.RequestMappingHandlerMapping : Mapped "{[/books/search/param/{name}/{author}/{price}]}" onto public java.util.List<net.javabeat.spring.data.domain.Book> net.javabeat.spring.data.web.BooksController.getBookByNamedParam(java.lang.String,java.lang.String,long)
2016-04-14 16:07:51.922  INFO 3562 --- [restartedMain] s.w.s.m.m.a.RequestMappingHandlerMapping : Mapped "{[/books/search/price/{price}]}" onto public java.util.List<net.javabeat.spring.data.domain.Book> net.javabeat.spring.data.web.BooksController.getBookByPrice(int)
2016-04-14 16:07:51.922  INFO 3562 --- [restartedMain] s.w.s.m.m.a.RequestMappingHandlerMapping : Mapped "{[/books/search/price/{price1}/{price2}]}" onto public java.util.List<net.javabeat.spring.data.domain.Book> net.javabeat.spring.data.web.BooksController.getBookByPriceRange(int,int)
2016-04-14 16:07:51.922  INFO 3562 --- [restartedMain] s.w.s.m.m.a.RequestMappingHandlerMapping : Mapped "{[/books/search/{name}/{author}]}" onto public java.util.List<net.javabeat.spring.data.domain.Book> net.javabeat.spring.data.web.BooksController.getBookByNameAndAuthor(java.lang.String,java.lang.String)
2016-04-14 16:07:51.922  INFO 3562 --- [restartedMain] s.w.s.m.m.a.RequestMappingHandlerMapping : Mapped "{[/books/find/page/test]}" onto public java.lang.String net.javabeat.spring.data.web.BooksController.findByPage()
2016-04-14 16:07:51.924  INFO 3562 --- [restartedMain] s.w.s.m.m.a.RequestMappingHandlerMapping : Mapped "{[/error]}" onto public org.springframework.http.ResponseEntity<java.util.Map<java.lang.String, java.lang.Object>> org.springframework.boot.autoconfigure.web.BasicErrorController.error(javax.servlet.http.HttpServletRequest)
2016-04-14 16:07:51.925  INFO 3562 --- [restartedMain] s.w.s.m.m.a.RequestMappingHandlerMapping : Mapped "{[/error],produces=[text/html]}" onto public org.springframework.web.servlet.ModelAndView org.springframework.boot.autoconfigure.web.BasicErrorController.errorHtml(javax.servlet.http.HttpServletRequest,javax.servlet.http.HttpServletResponse)
2016-04-14 16:07:51.973  INFO 3562 --- [restartedMain] o.s.w.s.handler.SimpleUrlHandlerMapping  : Mapped URL path [/webjars/**] onto handler of type [class org.springframework.web.servlet.resource.ResourceHttpRequestHandler]
2016-04-14 16:07:51.973  INFO 3562 --- [restartedMain] o.s.w.s.handler.SimpleUrlHandlerMapping  : Mapped URL path [/**] onto handler of type [class org.springframework.web.servlet.resource.ResourceHttpRequestHandler]
2016-04-14 16:07:52.028  INFO 3562 --- [restartedMain] o.s.w.s.handler.SimpleUrlHandlerMapping  : Mapped URL path [/**/favicon.ico] onto handler of type [class org.springframework.web.servlet.resource.ResourceHttpRequestHandler]
2016-04-14 16:07:52.593  INFO 3562 --- [restartedMain] o.s.b.a.e.mvc.EndpointHandlerMapping     : Mapped "{[/metrics/{name:.*}],methods=[GET],produces=[application/json]}" onto public java.lang.Object org.springframework.boot.actuate.endpoint.mvc.MetricsMvcEndpoint.value(java.lang.String)
2016-04-14 16:07:52.594  INFO 3562 --- [restartedMain] o.s.b.a.e.mvc.EndpointHandlerMapping     : Mapped "{[/metrics || /metrics.json],methods=[GET],produces=[application/json]}" onto public java.lang.Object org.springframework.boot.actuate.endpoint.mvc.EndpointMvcAdapter.invoke()
2016-04-14 16:07:52.595  INFO 3562 --- [restartedMain] o.s.b.a.e.mvc.EndpointHandlerMapping     : Mapped "{[/info || /info.json],methods=[GET],produces=[application/json]}" onto public java.lang.Object org.springframework.boot.actuate.endpoint.mvc.EndpointMvcAdapter.invoke()
2016-04-14 16:07:52.596  INFO 3562 --- [restartedMain] o.s.b.a.e.mvc.EndpointHandlerMapping     : Mapped "{[/logfile || /logfile.json],methods=[GET || HEAD]}" onto public void org.springframework.boot.actuate.endpoint.mvc.LogFileMvcEndpoint.invoke(javax.servlet.http.HttpServletRequest,javax.servlet.http.HttpServletResponse) throws javax.servlet.ServletException,java.io.IOException
2016-04-14 16:07:52.596  INFO 3562 --- [restartedMain] o.s.b.a.e.mvc.EndpointHandlerMapping     : Mapped "{[/configprops || /configprops.json],methods=[GET],produces=[application/json]}" onto public java.lang.Object org.springframework.boot.actuate.endpoint.mvc.EndpointMvcAdapter.invoke()
2016-04-14 16:07:52.597  INFO 3562 --- [restartedMain] o.s.b.a.e.mvc.EndpointHandlerMapping     : Mapped "{[/health || /health.json],produces=[application/json]}" onto public java.lang.Object org.springframework.boot.actuate.endpoint.mvc.HealthMvcEndpoint.invoke(java.security.Principal)
2016-04-14 16:07:52.598  INFO 3562 --- [restartedMain] o.s.b.a.e.mvc.EndpointHandlerMapping     : Mapped "{[/autoconfig || /autoconfig.json],methods=[GET],produces=[application/json]}" onto public java.lang.Object org.springframework.boot.actuate.endpoint.mvc.EndpointMvcAdapter.invoke()
2016-04-14 16:07:52.599  INFO 3562 --- [restartedMain] o.s.b.a.e.mvc.EndpointHandlerMapping     : Mapped "{[/env/{name:.*}],methods=[GET],produces=[application/json]}" onto public java.lang.Object org.springframework.boot.actuate.endpoint.mvc.EnvironmentMvcEndpoint.value(java.lang.String)
2016-04-14 16:07:52.599  INFO 3562 --- [restartedMain] o.s.b.a.e.mvc.EndpointHandlerMapping     : Mapped "{[/env || /env.json],methods=[GET],produces=[application/json]}" onto public java.lang.Object org.springframework.boot.actuate.endpoint.mvc.EndpointMvcAdapter.invoke()
2016-04-14 16:07:52.600  INFO 3562 --- [restartedMain] o.s.b.a.e.mvc.EndpointHandlerMapping     : Mapped "{[/mappings || /mappings.json],methods=[GET],produces=[application/json]}" onto public java.lang.Object org.springframework.boot.actuate.endpoint.mvc.EndpointMvcAdapter.invoke()
2016-04-14 16:07:52.600  INFO 3562 --- [restartedMain] o.s.b.a.e.mvc.EndpointHandlerMapping     : Mapped "{[/dump || /dump.json],methods=[GET],produces=[application/json]}" onto public java.lang.Object org.springframework.boot.actuate.endpoint.mvc.EndpointMvcAdapter.invoke()
2016-04-14 16:07:52.601  INFO 3562 --- [restartedMain] o.s.b.a.e.mvc.EndpointHandlerMapping     : Mapped "{[/beans || /beans.json],methods=[GET],produces=[application/json]}" onto public java.lang.Object org.springframework.boot.actuate.endpoint.mvc.EndpointMvcAdapter.invoke()
2016-04-14 16:07:52.601  INFO 3562 --- [restartedMain] o.s.b.a.e.mvc.EndpointHandlerMapping     : Mapped "{[/trace || /trace.json],methods=[GET],produces=[application/json]}" onto public java.lang.Object org.springframework.boot.actuate.endpoint.mvc.EndpointMvcAdapter.invoke()
2016-04-14 16:07:52.767  INFO 3562 --- [restartedMain] o.s.b.d.a.OptionalLiveReloadServer       : LiveReload server is running on port 35729
2016-04-14 16:07:52.862  INFO 3562 --- [restartedMain] o.s.j.e.a.AnnotationMBeanExporter        : Registering beans for JMX exposure on startup
2016-04-14 16:07:52.882  INFO 3562 --- [restartedMain] o.s.c.support.DefaultLifecycleProcessor  : Starting beans in phase 0
2016-04-14 16:07:53.071  INFO 3562 --- [restartedMain] s.b.c.e.t.TomcatEmbeddedServletContainer : Tomcat started on port(s): 8090 (http)
2016-04-14 16:07:53.077  INFO 3562 --- [restartedMain] net.javabeat.spring.data.Application     : Started Application in 8.019 seconds (JVM running for 8.649)
2016-04-14 16:15:54.630  INFO 3562 --- [http-nio-8090-exec-1] o.a.c.c.C.[Tomcat].[localhost].[/]       : Initializing Spring FrameworkServlet 'dispatcherServlet'
2016-04-14 16:15:54.631  INFO 3562 --- [http-nio-8090-exec-1] o.s.web.servlet.DispatcherServlet        : FrameworkServlet 'dispatcherServlet': initialization started
2016-04-14 16:15:54.645  INFO 3562 --- [http-nio-8090-exec-1] o.s.web.servlet.DispatcherServlet        : FrameworkServlet 'dispatcherServlet': initialization completed in 14 ms
2016-04-14 16:27:15.716  INFO 3562 --- [Thread-11] ationConfigEmbeddedWebApplicationContext : Closing org.springframework.boot.context.embedded.AnnotationConfigEmbeddedWebApplicationContext@1fd49105: startup date [Thu Apr 14 16:07:45 CST 2016]; root of context hierarchy
2016-04-14 16:27:15.720  INFO 3562 --- [Thread-11] o.s.c.support.DefaultLifecycleProcessor  : Stopping beans in phase 0
2016-04-14 16:27:15.729  INFO 3562 --- [Thread-11] o.s.j.e.a.AnnotationMBeanExporter        : Unregistering JMX-exposed beans on shutdown
2016-04-14 16:27:15.746  INFO 3562 --- [Thread-11] j.LocalContainerEntityManagerFactoryBean : Closing JPA EntityManagerFactory for persistence unit 'default'
2016-04-14 16:27:16.225  INFO 3562 --- [restartedMain] net.javabeat.spring.data.Application     : Starting Application on xionghaitaodeMacBook-Pro.local with PID 3562 (/Users/xionghaitao/my_git_rep/script/java/spring-bdata-jpa-mysql/target/classes started by xionghaitao in /Users/xionghaitao/my_git_rep/script/java/spring-bdata-jpa-mysql)
2016-04-14 16:27:16.225  INFO 3562 --- [restartedMain] net.javabeat.spring.data.Application     : No active profile set, falling back to default profiles: default
2016-04-14 16:27:16.229  INFO 3562 --- [restartedMain] ationConfigEmbeddedWebApplicationContext : Refreshing org.springframework.boot.context.embedded.AnnotationConfigEmbeddedWebApplicationContext@72f60a05: startup date [Thu Apr 14 16:27:16 CST 2016]; root of context hierarchy
2016-04-14 16:27:17.615 DEBUG 3562 --- [restartedMain] o.s.d.r.c.RepositoryComponentProvider    : Identified candidate component class: file [/Users/xionghaitao/my_git_rep/script/java/spring-bdata-jpa-mysql/target/classes/net/javabeat/spring/data/service/BookNamedQueryRepositoryExample.class]
2016-04-14 16:27:17.616 DEBUG 3562 --- [restartedMain] o.s.d.r.c.RepositoryComponentProvider    : Identified candidate component class: file [/Users/xionghaitao/my_git_rep/script/java/spring-bdata-jpa-mysql/target/classes/net/javabeat/spring/data/service/BookOwnRepository.class]
2016-04-14 16:27:17.616 DEBUG 3562 --- [restartedMain] o.s.d.r.c.RepositoryComponentProvider    : Identified candidate component class: file [/Users/xionghaitao/my_git_rep/script/java/spring-bdata-jpa-mysql/target/classes/net/javabeat/spring/data/service/BookQueryRepositoryExample.class]
2016-04-14 16:27:17.618 DEBUG 3562 --- [restartedMain] o.s.d.r.c.RepositoryComponentProvider    : Identified candidate component class: file [/Users/xionghaitao/my_git_rep/script/java/spring-bdata-jpa-mysql/target/classes/net/javabeat/spring/data/service/BookRepository.class]
2016-04-14 16:27:17.622 DEBUG 3562 --- [restartedMain] .s.d.r.c.RepositoryConfigurationDelegate : Spring Data JPA - Registering repository: bookRepository - Interface: net.javabeat.spring.data.service.BookRepository - Factory: org.springframework.data.jpa.repository.support.JpaRepositoryFactoryBean
2016-04-14 16:27:17.625 DEBUG 3562 --- [restartedMain] .s.d.r.c.RepositoryConfigurationDelegate : Spring Data JPA - Registering repository: bookNamedQueryRepositoryExample - Interface: net.javabeat.spring.data.service.BookNamedQueryRepositoryExample - Factory: org.springframework.data.jpa.repository.support.JpaRepositoryFactoryBean
2016-04-14 16:27:17.627 DEBUG 3562 --- [restartedMain] .s.d.r.c.RepositoryConfigurationDelegate : Spring Data JPA - Registering repository: bookQueryRepositoryExample - Interface: net.javabeat.spring.data.service.BookQueryRepositoryExample - Factory: org.springframework.data.jpa.repository.support.JpaRepositoryFactoryBean
2016-04-14 16:27:17.629 DEBUG 3562 --- [restartedMain] .s.d.r.c.RepositoryConfigurationDelegate : Spring Data JPA - Registering repository: bookOwnRepository - Interface: net.javabeat.spring.data.service.BookOwnRepository - Factory: org.springframework.data.jpa.repository.support.JpaRepositoryFactoryBean
2016-04-14 16:27:17.683  INFO 3562 --- [restartedMain] o.s.b.f.s.DefaultListableBeanFactory     : Overriding bean definition for bean 'beanNameViewResolver' with a different definition: replacing [Root bean: class [null]; scope=; abstract=false; lazyInit=false; autowireMode=3; dependencyCheck=0; autowireCandidate=true; primary=false; factoryBeanName=org.springframework.boot.autoconfigure.web.ErrorMvcAutoConfiguration$WhitelabelErrorViewConfiguration; factoryMethodName=beanNameViewResolver; initMethodName=null; destroyMethodName=(inferred); defined in class path resource [org/springframework/boot/autoconfigure/web/ErrorMvcAutoConfiguration$WhitelabelErrorViewConfiguration.class]] with [Root bean: class [null]; scope=; abstract=false; lazyInit=false; autowireMode=3; dependencyCheck=0; autowireCandidate=true; primary=false; factoryBeanName=org.springframework.boot.autoconfigure.web.WebMvcAutoConfiguration$WebMvcAutoConfigurationAdapter; factoryMethodName=beanNameViewResolver; initMethodName=null; destroyMethodName=(inferred); defined in class path resource [org/springframework/boot/autoconfigure/web/WebMvcAutoConfiguration$WebMvcAutoConfigurationAdapter.class]]
2016-04-14 16:27:17.950  INFO 3562 --- [restartedMain] trationDelegate$BeanPostProcessorChecker : Bean 'org.springframework.transaction.annotation.ProxyTransactionManagementConfiguration' of type [class org.springframework.transaction.annotation.ProxyTransactionManagementConfiguration$$EnhancerBySpringCGLIB$$33514be6] is not eligible for getting processed by all BeanPostProcessors (for example: not eligible for auto-proxying)
2016-04-14 16:27:17.957  INFO 3562 --- [restartedMain] trationDelegate$BeanPostProcessorChecker : Bean 'org.springframework.cache.annotation.ProxyCachingConfiguration' of type [class org.springframework.cache.annotation.ProxyCachingConfiguration$$EnhancerBySpringCGLIB$$9aaf1644] is not eligible for getting processed by all BeanPostProcessors (for example: not eligible for auto-proxying)
2016-04-14 16:27:17.961  INFO 3562 --- [restartedMain] trationDelegate$BeanPostProcessorChecker : Bean 'org.springframework.boot.autoconfigure.cache.CacheAutoConfiguration' of type [class org.springframework.boot.autoconfigure.cache.CacheAutoConfiguration$$EnhancerBySpringCGLIB$$d4d71668] is not eligible for getting processed by all BeanPostProcessors (for example: not eligible for auto-proxying)
2016-04-14 16:27:17.990  INFO 3562 --- [restartedMain] trationDelegate$BeanPostProcessorChecker : Bean 'spring.cache.CONFIGURATION_PROPERTIES' of type [class org.springframework.boot.autoconfigure.cache.CacheProperties] is not eligible for getting processed by all BeanPostProcessors (for example: not eligible for auto-proxying)
2016-04-14 16:27:17.994  INFO 3562 --- [restartedMain] trationDelegate$BeanPostProcessorChecker : Bean 'org.springframework.boot.autoconfigure.cache.CacheManagerCustomizers' of type [class org.springframework.boot.autoconfigure.cache.CacheManagerCustomizers] is not eligible for getting processed by all BeanPostProcessors (for example: not eligible for auto-proxying)
2016-04-14 16:27:17.995  INFO 3562 --- [restartedMain] trationDelegate$BeanPostProcessorChecker : Bean 'org.springframework.boot.autoconfigure.cache.EhCacheCacheConfiguration' of type [class org.springframework.boot.autoconfigure.cache.EhCacheCacheConfiguration$$EnhancerBySpringCGLIB$$c1781ba6] is not eligible for getting processed by all BeanPostProcessors (for example: not eligible for auto-proxying)
2016-04-14 16:27:18.035  INFO 3562 --- [restartedMain] trationDelegate$BeanPostProcessorChecker : Bean 'ehCacheCacheManager' of type [class net.sf.ehcache.CacheManager] is not eligible for getting processed by all BeanPostProcessors (for example: not eligible for auto-proxying)
2016-04-14 16:27:18.037  INFO 3562 --- [restartedMain] trationDelegate$BeanPostProcessorChecker : Bean 'cacheManager' of type [class org.springframework.cache.ehcache.EhCacheCacheManager] is not eligible for getting processed by all BeanPostProcessors (for example: not eligible for auto-proxying)
2016-04-14 16:27:18.043  INFO 3562 --- [restartedMain] trationDelegate$BeanPostProcessorChecker : Bean 'cacheAutoConfigurationValidator' of type [class org.springframework.boot.autoconfigure.cache.CacheAutoConfiguration$CacheManagerValidator] is not eligible for getting processed by all BeanPostProcessors (for example: not eligible for auto-proxying)
2016-04-14 16:27:18.091  INFO 3562 --- [restartedMain] s.b.c.e.t.TomcatEmbeddedServletContainer : Tomcat initialized with port(s): 8090 (http)
2016-04-14 16:27:18.092  INFO 3562 --- [restartedMain] o.apache.catalina.core.StandardService   : Starting service Tomcat
2016-04-14 16:27:18.093  INFO 3562 --- [restartedMain] org.apache.catalina.core.StandardEngine  : Starting Servlet Engine: Apache Tomcat/8.0.32
2016-04-14 16:27:18.100  INFO 3562 --- [localhost-startStop-1] o.a.c.c.C.[Tomcat].[localhost].[/]       : Initializing Spring embedded WebApplicationContext
2016-04-14 16:27:18.101  INFO 3562 --- [localhost-startStop-1] o.s.web.context.ContextLoader            : Root WebApplicationContext: initialization completed in 1872 ms
2016-04-14 16:27:18.281  INFO 3562 --- [localhost-startStop-1] o.s.b.c.e.ServletRegistrationBean        : Mapping servlet: 'dispatcherServlet' to [/]
2016-04-14 16:27:18.282  INFO 3562 --- [localhost-startStop-1] o.s.b.c.embedded.FilterRegistrationBean  : Mapping filter: 'metricFilter' to: [/*]
2016-04-14 16:27:18.282  INFO 3562 --- [localhost-startStop-1] o.s.b.c.embedded.FilterRegistrationBean  : Mapping filter: 'characterEncodingFilter' to: [/*]
2016-04-14 16:27:18.283  INFO 3562 --- [localhost-startStop-1] o.s.b.c.embedded.FilterRegistrationBean  : Mapping filter: 'hiddenHttpMethodFilter' to: [/*]
2016-04-14 16:27:18.283  INFO 3562 --- [localhost-startStop-1] o.s.b.c.embedded.FilterRegistrationBean  : Mapping filter: 'httpPutFormContentFilter' to: [/*]
2016-04-14 16:27:18.283  INFO 3562 --- [localhost-startStop-1] o.s.b.c.embedded.FilterRegistrationBean  : Mapping filter: 'requestContextFilter' to: [/*]
2016-04-14 16:27:18.283  INFO 3562 --- [localhost-startStop-1] o.s.b.c.embedded.FilterRegistrationBean  : Mapping filter: 'webRequestLoggingFilter' to: [/*]
2016-04-14 16:27:18.283  INFO 3562 --- [localhost-startStop-1] o.s.b.c.embedded.FilterRegistrationBean  : Mapping filter: 'applicationContextIdFilter' to: [/*]
2016-04-14 16:27:18.448  INFO 3562 --- [restartedMain] o.s.jdbc.datasource.init.ScriptUtils     : Executing SQL script from URL [file:/Users/xionghaitao/my_git_rep/script/java/spring-bdata-jpa-mysql/target/classes/schema-mysql.sql]
2016-04-14 16:27:18.495  INFO 3562 --- [restartedMain] o.s.jdbc.datasource.init.ScriptUtils     : Executed SQL script from URL [file:/Users/xionghaitao/my_git_rep/script/java/spring-bdata-jpa-mysql/target/classes/schema-mysql.sql] in 47 ms.
2016-04-14 16:27:18.500  INFO 3562 --- [restartedMain] o.s.jdbc.datasource.init.ScriptUtils     : Executing SQL script from URL [file:/Users/xionghaitao/my_git_rep/script/java/spring-bdata-jpa-mysql/target/classes/data-mysql.sql]
2016-04-14 16:27:18.515  INFO 3562 --- [restartedMain] o.s.jdbc.datasource.init.ScriptUtils     : Executed SQL script from URL [file:/Users/xionghaitao/my_git_rep/script/java/spring-bdata-jpa-mysql/target/classes/data-mysql.sql] in 15 ms.
2016-04-14 16:27:18.541  INFO 3562 --- [restartedMain] j.LocalContainerEntityManagerFactoryBean : Building JPA container EntityManagerFactory for persistence unit 'default'
2016-04-14 16:27:18.542  INFO 3562 --- [restartedMain] o.hibernate.jpa.internal.util.LogHelper  : HHH000204: Processing PersistenceUnitInfo [
	name: default
	...]
2016-04-14 16:27:18.556  INFO 3562 --- [restartedMain] org.hibernate.dialect.Dialect            : HHH000400: Using dialect: org.hibernate.dialect.MySQL5Dialect
2016-04-14 16:27:18.561  INFO 3562 --- [restartedMain] o.h.h.i.ast.ASTQueryTranslatorFactory    : HHH000397: Using ASTQueryTranslatorFactory
2016-04-14 16:27:18.561  WARN 3562 --- [restartedMain] org.hibernate.cfg.SettingsFactory        : Unrecognized value for "hibernate.hbm2ddl.auto": .
2016-04-14 16:27:18.662 DEBUG 3562 --- [restartedMain] o.s.d.j.r.query.JpaQueryFactory          : Looking up query for method findByNameAndAuthor
2016-04-14 16:27:18.662 DEBUG 3562 --- [restartedMain] o.s.d.jpa.repository.query.NamedQuery    : Looking up named query Book.findByNameAndAuthor
2016-04-14 16:27:18.663 DEBUG 3562 --- [restartedMain] o.s.d.jpa.repository.query.NamedQuery    : Did not find named query Book.findByNameAndAuthor
2016-04-14 16:27:18.664 DEBUG 3562 --- [restartedMain] o.s.d.j.r.query.JpaQueryFactory          : Looking up query for method findByName
2016-04-14 16:27:18.681 DEBUG 3562 --- [restartedMain] o.s.d.j.r.query.JpaQueryFactory          : Looking up query for method findByName
2016-04-14 16:27:18.682 DEBUG 3562 --- [restartedMain] o.s.d.j.r.query.JpaQueryFactory          : Looking up query for method findByPriceRange
2016-04-14 16:27:18.690 DEBUG 3562 --- [restartedMain] o.s.d.j.r.query.JpaQueryFactory          : Looking up query for method findByNamedParam
2016-04-14 16:27:18.696 DEBUG 3562 --- [restartedMain] o.s.d.j.r.query.JpaQueryFactory          : Looking up query for method findByNameMatch
2016-04-14 16:27:18.718 DEBUG 3562 --- [restartedMain] o.s.d.j.r.query.JpaQueryFactory          : Looking up query for method findByPrice
2016-04-14 16:27:18.719 DEBUG 3562 --- [restartedMain] o.s.d.jpa.repository.query.NamedQuery    : Looking up named query Book.findByPrice
2016-04-14 16:27:18.720 DEBUG 3562 --- [restartedMain] o.s.d.jpa.repository.query.NamedQuery    : Did not find named query Book.findByPrice.count
2016-04-14 16:27:18.721 DEBUG 3562 --- [restartedMain] o.s.d.jpa.repository.query.NamedQuery    : Found named query Book.findByPrice!
2016-04-14 16:27:18.794  INFO 3562 --- [restartedMain] s.w.s.m.m.a.RequestMappingHandlerAdapter : Looking for @ControllerAdvice: org.springframework.boot.context.embedded.AnnotationConfigEmbeddedWebApplicationContext@72f60a05: startup date [Thu Apr 14 16:27:16 CST 2016]; root of context hierarchy
2016-04-14 16:27:18.839  INFO 3562 --- [restartedMain] s.w.s.m.m.a.RequestMappingHandlerMapping : Mapped "{[/books/insert/test]}" onto public java.lang.String net.javabeat.spring.data.web.BooksController.insert()
2016-04-14 16:27:18.842  INFO 3562 --- [restartedMain] s.w.s.m.m.a.RequestMappingHandlerMapping : Mapped "{[/books/batchInsert/test]}" onto public java.lang.String net.javabeat.spring.data.web.BooksController.batchInsert()
2016-04-14 16:27:18.843  INFO 3562 --- [restartedMain] s.w.s.m.m.a.RequestMappingHandlerMapping : Mapped "{[/books/add/{id}/{name}/{author}/{price}]}" onto public net.javabeat.spring.data.domain.Book net.javabeat.spring.data.web.BooksController.addBook(int,java.lang.String,java.lang.String,long)
2016-04-14 16:27:18.843  INFO 3562 --- [restartedMain] s.w.s.m.m.a.RequestMappingHandlerMapping : Mapped "{[/books/delete/{id}]}" onto public void net.javabeat.spring.data.web.BooksController.deleteBook(int)
2016-04-14 16:27:18.844  INFO 3562 --- [restartedMain] s.w.s.m.m.a.RequestMappingHandlerMapping : Mapped "{[/books/]}" onto public java.util.List<net.javabeat.spring.data.domain.Book> net.javabeat.spring.data.web.BooksController.getBooks()
2016-04-14 16:27:18.844  INFO 3562 --- [restartedMain] s.w.s.m.m.a.RequestMappingHandlerMapping : Mapped "{[/books/{id}]}" onto public net.javabeat.spring.data.domain.Book net.javabeat.spring.data.web.BooksController.getBook(int)
2016-04-14 16:27:18.844  INFO 3562 --- [restartedMain] s.w.s.m.m.a.RequestMappingHandlerMapping : Mapped "{[/books/search/name/{name}]}" onto public java.util.List<net.javabeat.spring.data.domain.Book> net.javabeat.spring.data.web.BooksController.getBookByName(java.lang.String)
2016-04-14 16:27:18.849  INFO 3562 --- [restartedMain] s.w.s.m.m.a.RequestMappingHandlerMapping : Mapped "{[/books/search/name/match/{name}]}" onto public java.util.List<net.javabeat.spring.data.domain.Book> net.javabeat.spring.data.web.BooksController.getBookByNameMatch(java.lang.String)
2016-04-14 16:27:18.850  INFO 3562 --- [restartedMain] s.w.s.m.m.a.RequestMappingHandlerMapping : Mapped "{[/books/search/param/{name}/{author}/{price}]}" onto public java.util.List<net.javabeat.spring.data.domain.Book> net.javabeat.spring.data.web.BooksController.getBookByNamedParam(java.lang.String,java.lang.String,long)
2016-04-14 16:27:18.850  INFO 3562 --- [restartedMain] s.w.s.m.m.a.RequestMappingHandlerMapping : Mapped "{[/books/search/price/{price}]}" onto public java.util.List<net.javabeat.spring.data.domain.Book> net.javabeat.spring.data.web.BooksController.getBookByPrice(int)
2016-04-14 16:27:18.851  INFO 3562 --- [restartedMain] s.w.s.m.m.a.RequestMappingHandlerMapping : Mapped "{[/books/search/price/{price1}/{price2}]}" onto public java.util.List<net.javabeat.spring.data.domain.Book> net.javabeat.spring.data.web.BooksController.getBookByPriceRange(int,int)
2016-04-14 16:27:18.851  INFO 3562 --- [restartedMain] s.w.s.m.m.a.RequestMappingHandlerMapping : Mapped "{[/books/search/{name}/{author}]}" onto public java.util.List<net.javabeat.spring.data.domain.Book> net.javabeat.spring.data.web.BooksController.getBookByNameAndAuthor(java.lang.String,java.lang.String)
2016-04-14 16:27:18.851  INFO 3562 --- [restartedMain] s.w.s.m.m.a.RequestMappingHandlerMapping : Mapped "{[/books/find/page/test]}" onto public java.lang.String net.javabeat.spring.data.web.BooksController.findByPage()
2016-04-14 16:27:18.857  INFO 3562 --- [restartedMain] s.w.s.m.m.a.RequestMappingHandlerMapping : Mapped "{[/error]}" onto public org.springframework.http.ResponseEntity<java.util.Map<java.lang.String, java.lang.Object>> org.springframework.boot.autoconfigure.web.BasicErrorController.error(javax.servlet.http.HttpServletRequest)
2016-04-14 16:27:18.859  INFO 3562 --- [restartedMain] s.w.s.m.m.a.RequestMappingHandlerMapping : Mapped "{[/error],produces=[text/html]}" onto public org.springframework.web.servlet.ModelAndView org.springframework.boot.autoconfigure.web.BasicErrorController.errorHtml(javax.servlet.http.HttpServletRequest,javax.servlet.http.HttpServletResponse)
2016-04-14 16:27:18.880  INFO 3562 --- [restartedMain] o.s.w.s.handler.SimpleUrlHandlerMapping  : Mapped URL path [/webjars/**] onto handler of type [class org.springframework.web.servlet.resource.ResourceHttpRequestHandler]
2016-04-14 16:27:18.881  INFO 3562 --- [restartedMain] o.s.w.s.handler.SimpleUrlHandlerMapping  : Mapped URL path [/**] onto handler of type [class org.springframework.web.servlet.resource.ResourceHttpRequestHandler]
2016-04-14 16:27:18.908  INFO 3562 --- [restartedMain] o.s.w.s.handler.SimpleUrlHandlerMapping  : Mapped URL path [/**/favicon.ico] onto handler of type [class org.springframework.web.servlet.resource.ResourceHttpRequestHandler]
2016-04-14 16:27:19.213  INFO 3562 --- [restartedMain] o.s.b.a.e.mvc.EndpointHandlerMapping     : Mapped "{[/metrics/{name:.*}],methods=[GET],produces=[application/json]}" onto public java.lang.Object org.springframework.boot.actuate.endpoint.mvc.MetricsMvcEndpoint.value(java.lang.String)
2016-04-14 16:27:19.214  INFO 3562 --- [restartedMain] o.s.b.a.e.mvc.EndpointHandlerMapping     : Mapped "{[/metrics || /metrics.json],methods=[GET],produces=[application/json]}" onto public java.lang.Object org.springframework.boot.actuate.endpoint.mvc.EndpointMvcAdapter.invoke()
2016-04-14 16:27:19.214  INFO 3562 --- [restartedMain] o.s.b.a.e.mvc.EndpointHandlerMapping     : Mapped "{[/dump || /dump.json],methods=[GET],produces=[application/json]}" onto public java.lang.Object org.springframework.boot.actuate.endpoint.mvc.EndpointMvcAdapter.invoke()
2016-04-14 16:27:19.215  INFO 3562 --- [restartedMain] o.s.b.a.e.mvc.EndpointHandlerMapping     : Mapped "{[/env/{name:.*}],methods=[GET],produces=[application/json]}" onto public java.lang.Object org.springframework.boot.actuate.endpoint.mvc.EnvironmentMvcEndpoint.value(java.lang.String)
2016-04-14 16:27:19.215  INFO 3562 --- [restartedMain] o.s.b.a.e.mvc.EndpointHandlerMapping     : Mapped "{[/env || /env.json],methods=[GET],produces=[application/json]}" onto public java.lang.Object org.springframework.boot.actuate.endpoint.mvc.EndpointMvcAdapter.invoke()
2016-04-14 16:27:19.216  INFO 3562 --- [restartedMain] o.s.b.a.e.mvc.EndpointHandlerMapping     : Mapped "{[/mappings || /mappings.json],methods=[GET],produces=[application/json]}" onto public java.lang.Object org.springframework.boot.actuate.endpoint.mvc.EndpointMvcAdapter.invoke()
2016-04-14 16:27:19.217  INFO 3562 --- [restartedMain] o.s.b.a.e.mvc.EndpointHandlerMapping     : Mapped "{[/info || /info.json],methods=[GET],produces=[application/json]}" onto public java.lang.Object org.springframework.boot.actuate.endpoint.mvc.EndpointMvcAdapter.invoke()
2016-04-14 16:27:19.217  INFO 3562 --- [restartedMain] o.s.b.a.e.mvc.EndpointHandlerMapping     : Mapped "{[/configprops || /configprops.json],methods=[GET],produces=[application/json]}" onto public java.lang.Object org.springframework.boot.actuate.endpoint.mvc.EndpointMvcAdapter.invoke()
2016-04-14 16:27:19.218  INFO 3562 --- [restartedMain] o.s.b.a.e.mvc.EndpointHandlerMapping     : Mapped "{[/health || /health.json],produces=[application/json]}" onto public java.lang.Object org.springframework.boot.actuate.endpoint.mvc.HealthMvcEndpoint.invoke(java.security.Principal)
2016-04-14 16:27:19.218  INFO 3562 --- [restartedMain] o.s.b.a.e.mvc.EndpointHandlerMapping     : Mapped "{[/logfile || /logfile.json],methods=[GET || HEAD]}" onto public void org.springframework.boot.actuate.endpoint.mvc.LogFileMvcEndpoint.invoke(javax.servlet.http.HttpServletRequest,javax.servlet.http.HttpServletResponse) throws javax.servlet.ServletException,java.io.IOException
2016-04-14 16:27:19.218  INFO 3562 --- [restartedMain] o.s.b.a.e.mvc.EndpointHandlerMapping     : Mapped "{[/beans || /beans.json],methods=[GET],produces=[application/json]}" onto public java.lang.Object org.springframework.boot.actuate.endpoint.mvc.EndpointMvcAdapter.invoke()
2016-04-14 16:27:19.219  INFO 3562 --- [restartedMain] o.s.b.a.e.mvc.EndpointHandlerMapping     : Mapped "{[/autoconfig || /autoconfig.json],methods=[GET],produces=[application/json]}" onto public java.lang.Object org.springframework.boot.actuate.endpoint.mvc.EndpointMvcAdapter.invoke()
2016-04-14 16:27:19.219  INFO 3562 --- [restartedMain] o.s.b.a.e.mvc.EndpointHandlerMapping     : Mapped "{[/trace || /trace.json],methods=[GET],produces=[application/json]}" onto public java.lang.Object org.springframework.boot.actuate.endpoint.mvc.EndpointMvcAdapter.invoke()
2016-04-14 16:27:19.255  INFO 3562 --- [restartedMain] o.s.b.d.a.OptionalLiveReloadServer       : LiveReload server is running on port 35729
2016-04-14 16:27:19.334  INFO 3562 --- [restartedMain] o.s.j.e.a.AnnotationMBeanExporter        : Registering beans for JMX exposure on startup
2016-04-14 16:27:19.340  INFO 3562 --- [restartedMain] o.s.c.support.DefaultLifecycleProcessor  : Starting beans in phase 0
2016-04-14 16:27:19.396  INFO 3562 --- [restartedMain] s.b.c.e.t.TomcatEmbeddedServletContainer : Tomcat started on port(s): 8090 (http)
2016-04-14 16:27:19.400  INFO 3562 --- [restartedMain] net.javabeat.spring.data.Application     : Started Application in 3.225 seconds (JVM running for 1174.931)
2016-04-14 16:28:00.923  INFO 3562 --- [Thread-19] ationConfigEmbeddedWebApplicationContext : Closing org.springframework.boot.context.embedded.AnnotationConfigEmbeddedWebApplicationContext@72f60a05: startup date [Thu Apr 14 16:27:16 CST 2016]; root of context hierarchy
2016-04-14 16:28:00.924  INFO 3562 --- [Thread-19] o.s.c.support.DefaultLifecycleProcessor  : Stopping beans in phase 0
2016-04-14 16:28:00.927  INFO 3562 --- [Thread-19] o.s.j.e.a.AnnotationMBeanExporter        : Unregistering JMX-exposed beans on shutdown
2016-04-14 16:28:00.930  INFO 3562 --- [Thread-19] j.LocalContainerEntityManagerFactoryBean : Closing JPA EntityManagerFactory for persistence unit 'default'
2016-04-14 16:28:01.240  INFO 3562 --- [restartedMain] net.javabeat.spring.data.Application     : Starting Application on xionghaitaodeMacBook-Pro.local with PID 3562 (/Users/xionghaitao/my_git_rep/script/java/spring-bdata-jpa-mysql/target/classes started by xionghaitao in /Users/xionghaitao/my_git_rep/script/java/spring-bdata-jpa-mysql)
2016-04-14 16:28:01.240  INFO 3562 --- [restartedMain] net.javabeat.spring.data.Application     : No active profile set, falling back to default profiles: default
2016-04-14 16:28:01.244  INFO 3562 --- [restartedMain] ationConfigEmbeddedWebApplicationContext : Refreshing org.springframework.boot.context.embedded.AnnotationConfigEmbeddedWebApplicationContext@17b39a63: startup date [Thu Apr 14 16:28:01 CST 2016]; root of context hierarchy
2016-04-14 16:28:01.933 DEBUG 3562 --- [restartedMain] o.s.d.r.c.RepositoryComponentProvider    : Identified candidate component class: file [/Users/xionghaitao/my_git_rep/script/java/spring-bdata-jpa-mysql/target/classes/net/javabeat/spring/data/service/BookNamedQueryRepositoryExample.class]
2016-04-14 16:28:01.934 DEBUG 3562 --- [restartedMain] o.s.d.r.c.RepositoryComponentProvider    : Identified candidate component class: file [/Users/xionghaitao/my_git_rep/script/java/spring-bdata-jpa-mysql/target/classes/net/javabeat/spring/data/service/BookOwnRepository.class]
2016-04-14 16:28:01.934 DEBUG 3562 --- [restartedMain] o.s.d.r.c.RepositoryComponentProvider    : Identified candidate component class: file [/Users/xionghaitao/my_git_rep/script/java/spring-bdata-jpa-mysql/target/classes/net/javabeat/spring/data/service/BookQueryRepositoryExample.class]
2016-04-14 16:28:01.935 DEBUG 3562 --- [restartedMain] o.s.d.r.c.RepositoryComponentProvider    : Identified candidate component class: file [/Users/xionghaitao/my_git_rep/script/java/spring-bdata-jpa-mysql/target/classes/net/javabeat/spring/data/service/BookRepository.class]
2016-04-14 16:28:01.939 DEBUG 3562 --- [restartedMain] .s.d.r.c.RepositoryConfigurationDelegate : Spring Data JPA - Registering repository: bookOwnRepository - Interface: net.javabeat.spring.data.service.BookOwnRepository - Factory: org.springframework.data.jpa.repository.support.JpaRepositoryFactoryBean
2016-04-14 16:28:01.941 DEBUG 3562 --- [restartedMain] .s.d.r.c.RepositoryConfigurationDelegate : Spring Data JPA - Registering repository: bookRepository - Interface: net.javabeat.spring.data.service.BookRepository - Factory: org.springframework.data.jpa.repository.support.JpaRepositoryFactoryBean
2016-04-14 16:28:01.942 DEBUG 3562 --- [restartedMain] .s.d.r.c.RepositoryConfigurationDelegate : Spring Data JPA - Registering repository: bookQueryRepositoryExample - Interface: net.javabeat.spring.data.service.BookQueryRepositoryExample - Factory: org.springframework.data.jpa.repository.support.JpaRepositoryFactoryBean
2016-04-14 16:28:01.944 DEBUG 3562 --- [restartedMain] .s.d.r.c.RepositoryConfigurationDelegate : Spring Data JPA - Registering repository: bookNamedQueryRepositoryExample - Interface: net.javabeat.spring.data.service.BookNamedQueryRepositoryExample - Factory: org.springframework.data.jpa.repository.support.JpaRepositoryFactoryBean
2016-04-14 16:28:01.960  INFO 3562 --- [restartedMain] o.s.b.f.s.DefaultListableBeanFactory     : Overriding bean definition for bean 'beanNameViewResolver' with a different definition: replacing [Root bean: class [null]; scope=; abstract=false; lazyInit=false; autowireMode=3; dependencyCheck=0; autowireCandidate=true; primary=false; factoryBeanName=org.springframework.boot.autoconfigure.web.ErrorMvcAutoConfiguration$WhitelabelErrorViewConfiguration; factoryMethodName=beanNameViewResolver; initMethodName=null; destroyMethodName=(inferred); defined in class path resource [org/springframework/boot/autoconfigure/web/ErrorMvcAutoConfiguration$WhitelabelErrorViewConfiguration.class]] with [Root bean: class [null]; scope=; abstract=false; lazyInit=false; autowireMode=3; dependencyCheck=0; autowireCandidate=true; primary=false; factoryBeanName=org.springframework.boot.autoconfigure.web.WebMvcAutoConfiguration$WebMvcAutoConfigurationAdapter; factoryMethodName=beanNameViewResolver; initMethodName=null; destroyMethodName=(inferred); defined in class path resource [org/springframework/boot/autoconfigure/web/WebMvcAutoConfiguration$WebMvcAutoConfigurationAdapter.class]]
2016-04-14 16:28:02.076  INFO 3562 --- [restartedMain] trationDelegate$BeanPostProcessorChecker : Bean 'org.springframework.transaction.annotation.ProxyTransactionManagementConfiguration' of type [class org.springframework.transaction.annotation.ProxyTransactionManagementConfiguration$$EnhancerBySpringCGLIB$$33514be6] is not eligible for getting processed by all BeanPostProcessors (for example: not eligible for auto-proxying)
2016-04-14 16:28:02.079  INFO 3562 --- [restartedMain] trationDelegate$BeanPostProcessorChecker : Bean 'org.springframework.cache.annotation.ProxyCachingConfiguration' of type [class org.springframework.cache.annotation.ProxyCachingConfiguration$$EnhancerBySpringCGLIB$$9aaf1644] is not eligible for getting processed by all BeanPostProcessors (for example: not eligible for auto-proxying)
2016-04-14 16:28:02.081  INFO 3562 --- [restartedMain] trationDelegate$BeanPostProcessorChecker : Bean 'org.springframework.boot.autoconfigure.cache.CacheAutoConfiguration' of type [class org.springframework.boot.autoconfigure.cache.CacheAutoConfiguration$$EnhancerBySpringCGLIB$$d4d71668] is not eligible for getting processed by all BeanPostProcessors (for example: not eligible for auto-proxying)
2016-04-14 16:28:02.096  INFO 3562 --- [restartedMain] trationDelegate$BeanPostProcessorChecker : Bean 'spring.cache.CONFIGURATION_PROPERTIES' of type [class org.springframework.boot.autoconfigure.cache.CacheProperties] is not eligible for getting processed by all BeanPostProcessors (for example: not eligible for auto-proxying)
2016-04-14 16:28:02.099  INFO 3562 --- [restartedMain] trationDelegate$BeanPostProcessorChecker : Bean 'org.springframework.boot.autoconfigure.cache.CacheManagerCustomizers' of type [class org.springframework.boot.autoconfigure.cache.CacheManagerCustomizers] is not eligible for getting processed by all BeanPostProcessors (for example: not eligible for auto-proxying)
2016-04-14 16:28:02.100  INFO 3562 --- [restartedMain] trationDelegate$BeanPostProcessorChecker : Bean 'org.springframework.boot.autoconfigure.cache.EhCacheCacheConfiguration' of type [class org.springframework.boot.autoconfigure.cache.EhCacheCacheConfiguration$$EnhancerBySpringCGLIB$$c1781ba6] is not eligible for getting processed by all BeanPostProcessors (for example: not eligible for auto-proxying)
2016-04-14 16:28:02.135  INFO 3562 --- [restartedMain] trationDelegate$BeanPostProcessorChecker : Bean 'ehCacheCacheManager' of type [class net.sf.ehcache.CacheManager] is not eligible for getting processed by all BeanPostProcessors (for example: not eligible for auto-proxying)
2016-04-14 16:28:02.139  INFO 3562 --- [restartedMain] trationDelegate$BeanPostProcessorChecker : Bean 'cacheManager' of type [class org.springframework.cache.ehcache.EhCacheCacheManager] is not eligible for getting processed by all BeanPostProcessors (for example: not eligible for auto-proxying)
2016-04-14 16:28:02.140  INFO 3562 --- [restartedMain] trationDelegate$BeanPostProcessorChecker : Bean 'cacheAutoConfigurationValidator' of type [class org.springframework.boot.autoconfigure.cache.CacheAutoConfiguration$CacheManagerValidator] is not eligible for getting processed by all BeanPostProcessors (for example: not eligible for auto-proxying)
2016-04-14 16:28:02.168  INFO 3562 --- [restartedMain] s.b.c.e.t.TomcatEmbeddedServletContainer : Tomcat initialized with port(s): 8090 (http)
2016-04-14 16:28:02.169  INFO 3562 --- [restartedMain] o.apache.catalina.core.StandardService   : Starting service Tomcat
2016-04-14 16:28:02.169  INFO 3562 --- [restartedMain] org.apache.catalina.core.StandardEngine  : Starting Servlet Engine: Apache Tomcat/8.0.32
2016-04-14 16:28:02.180  INFO 3562 --- [localhost-startStop-1] o.a.c.c.C.[Tomcat].[localhost].[/]       : Initializing Spring embedded WebApplicationContext
2016-04-14 16:28:02.181  INFO 3562 --- [localhost-startStop-1] o.s.web.context.ContextLoader            : Root WebApplicationContext: initialization completed in 937 ms
2016-04-14 16:28:02.298  INFO 3562 --- [localhost-startStop-1] o.s.b.c.e.ServletRegistrationBean        : Mapping servlet: 'dispatcherServlet' to [/]
2016-04-14 16:28:02.298  INFO 3562 --- [localhost-startStop-1] o.s.b.c.embedded.FilterRegistrationBean  : Mapping filter: 'metricFilter' to: [/*]
2016-04-14 16:28:02.298  INFO 3562 --- [localhost-startStop-1] o.s.b.c.embedded.FilterRegistrationBean  : Mapping filter: 'characterEncodingFilter' to: [/*]
2016-04-14 16:28:02.298  INFO 3562 --- [localhost-startStop-1] o.s.b.c.embedded.FilterRegistrationBean  : Mapping filter: 'hiddenHttpMethodFilter' to: [/*]
2016-04-14 16:28:02.299  INFO 3562 --- [localhost-startStop-1] o.s.b.c.embedded.FilterRegistrationBean  : Mapping filter: 'httpPutFormContentFilter' to: [/*]
2016-04-14 16:28:02.299  INFO 3562 --- [localhost-startStop-1] o.s.b.c.embedded.FilterRegistrationBean  : Mapping filter: 'requestContextFilter' to: [/*]
2016-04-14 16:28:02.299  INFO 3562 --- [localhost-startStop-1] o.s.b.c.embedded.FilterRegistrationBean  : Mapping filter: 'webRequestLoggingFilter' to: [/*]
2016-04-14 16:28:02.299  INFO 3562 --- [localhost-startStop-1] o.s.b.c.embedded.FilterRegistrationBean  : Mapping filter: 'applicationContextIdFilter' to: [/*]
